<?xml version="1.0" encoding="UTF-8"?>
<!--
  ~ Copyright (c) 2022, Nordic Semiconductor
  ~ All rights reserved.
  ~
  ~ Redistribution and use in source and binary forms, with or without modification, are
  ~ permitted provided that the following conditions are met:
  ~
  ~ 1. Redistributions of source code must retain the above copyright notice, this list of
  ~ conditions and the following disclaimer.
  ~
  ~ 2. Redistributions in binary form must reproduce the above copyright notice, this list
  ~ of conditions and the following disclaimer in the documentation and/or other materials
  ~ provided with the distribution.
  ~
  ~ 3. Neither the name of the copyright holder nor the names of its contributors may be
  ~ used to endorse or promote products derived from this software without specific prior
  ~ written permission.
  ~
  ~ THIS SOFTWARE IS PROVIDED BY THE COPYRIGHT HOLDERS AND CONTRIBUTORS
  ~ "AS IS" AND ANY EXPRESS OR IMPLIED WARRANTIES, INCLUDING, BUT NOT LIMITED
  ~ TO, THE IMPLIED WARRANTIES OF MERCHANTABILITY AND FITNESS FOR A
  ~ PARTICULAR PURPOSE ARE DISCLAIMED. IN NO EVENT SHALL THE COPYRIGHT
  ~ HOLDER OR CONTRIBUTORS BE LIABLE FOR ANY DIRECT, INDIRECT, INCIDENTAL,
  ~ SPECIAL, EXEMPLARY, OR CONSEQUENTIAL DAMAGES (INCLUDING, BUT NOT
  ~ LIMITED TO, PROCUREMENT OF SUBSTITUTE GOODS OR SERVICES; LOSS OF USE, DATA,
  ~ OR PROFITS; OR BUSINESS INTERRUPTION) HOWEVER CAUSED AND ON ANY THEORY
  ~ OF LIABILITY, WHETHER IN CONTRACT, STRICT LIABILITY, OR TORT (INCLUDING
  ~ NEGLIGENCE OR OTHERWISE) ARISING IN ANY WAY OUT OF THE USE OF THIS SOFTWARE,
  ~ EVEN IF ADVISED OF THE POSSIBILITY OF SUCH DAMAGE.
  -->

<testsuites>
  <testsuite name="fastlane.lanes">
    
    
    
      
      <testcase classname="fastlane.lanes" name="0: default_platform" time="0.000209">
        
      </testcase>
    
      
      <testcase classname="fastlane.lanes" name="1: clean bundleRelease" time="53.435962">
        
          <failure message="/opt/homebrew/Cellar/fastlane/2.206.2/libexec/gems/fastlane-2.210.0/fastlane/lib/fastlane/actions/actions_helper.rb:67:in `execute_action&apos;&#10;/opt/homebrew/Cellar/fastlane/2.206.2/libexec/gems/fastlane-2.210.0/fastlane/lib/fastlane/runner.rb:255:in `block in execute_action&apos;&#10;/opt/homebrew/Cellar/fastlane/2.206.2/libexec/gems/fastlane-2.210.0/fastlane/lib/fastlane/runner.rb:229:in `chdir&apos;&#10;/opt/homebrew/Cellar/fastlane/2.206.2/libexec/gems/fastlane-2.210.0/fastlane/lib/fastlane/runner.rb:229:in `execute_action&apos;&#10;/opt/homebrew/Cellar/fastlane/2.206.2/libexec/gems/fastlane-2.210.0/fastlane/lib/fastlane/runner.rb:157:in `trigger_action_by_name&apos;&#10;/opt/homebrew/Cellar/fastlane/2.206.2/libexec/gems/fastlane-2.210.0/fastlane/lib/fastlane/fast_file.rb:159:in `method_missing&apos;&#10;Fastfile:41:in `block (2 levels) in parsing_binding&apos;&#10;/opt/homebrew/Cellar/fastlane/2.206.2/libexec/gems/fastlane-2.210.0/fastlane/lib/fastlane/lane.rb:33:in `call&apos;&#10;/opt/homebrew/Cellar/fastlane/2.206.2/libexec/gems/fastlane-2.210.0/fastlane/lib/fastlane/runner.rb:49:in `block in execute&apos;&#10;/opt/homebrew/Cellar/fastlane/2.206.2/libexec/gems/fastlane-2.210.0/fastlane/lib/fastlane/runner.rb:45:in `chdir&apos;&#10;/opt/homebrew/Cellar/fastlane/2.206.2/libexec/gems/fastlane-2.210.0/fastlane/lib/fastlane/runner.rb:45:in `execute&apos;&#10;/opt/homebrew/Cellar/fastlane/2.206.2/libexec/gems/fastlane-2.210.0/fastlane/lib/fastlane/lane_manager.rb:47:in `cruise_lane&apos;&#10;/opt/homebrew/Cellar/fastlane/2.206.2/libexec/gems/fastlane-2.210.0/fastlane/lib/fastlane/command_line_handler.rb:36:in `handle&apos;&#10;/opt/homebrew/Cellar/fastlane/2.206.2/libexec/gems/fastlane-2.210.0/fastlane/lib/fastlane/commands_generator.rb:110:in `block (2 levels) in run&apos;&#10;/opt/homebrew/Cellar/fastlane/2.206.2/libexec/gems/commander-4.6.0/lib/commander/command.rb:187:in `call&apos;&#10;/opt/homebrew/Cellar/fastlane/2.206.2/libexec/gems/commander-4.6.0/lib/commander/command.rb:157:in `run&apos;&#10;/opt/homebrew/Cellar/fastlane/2.206.2/libexec/gems/commander-4.6.0/lib/commander/runner.rb:444:in `run_active_command&apos;&#10;/opt/homebrew/Cellar/fastlane/2.206.2/libexec/gems/fastlane-2.210.0/fastlane_core/lib/fastlane_core/ui/fastlane_runner.rb:124:in `run!&apos;&#10;/opt/homebrew/Cellar/fastlane/2.206.2/libexec/gems/commander-4.6.0/lib/commander/delegates.rb:18:in `run!&apos;&#10;/opt/homebrew/Cellar/fastlane/2.206.2/libexec/gems/fastlane-2.210.0/fastlane/lib/fastlane/commands_generator.rb:354:in `run&apos;&#10;/opt/homebrew/Cellar/fastlane/2.206.2/libexec/gems/fastlane-2.210.0/fastlane/lib/fastlane/commands_generator.rb:43:in `start&apos;&#10;/opt/homebrew/Cellar/fastlane/2.206.2/libexec/gems/fastlane-2.210.0/fastlane/lib/fastlane/cli_tools_distributor.rb:123:in `take_off&apos;&#10;/opt/homebrew/Cellar/fastlane/2.206.2/libexec/gems/fastlane-2.210.0/bin/fastlane:23:in `&lt;top (required)&gt;&apos;&#10;/opt/homebrew/Cellar/fastlane/2.206.2/libexec/bin/fastlane:25:in `load&apos;&#10;/opt/homebrew/Cellar/fastlane/2.206.2/libexec/bin/fastlane:25:in `&lt;main&gt;&apos;&#10;&#10;Exit status of command &apos;/Users/nordic/StudioProjects/Android-nRF-Wi-Fi-Provisioner/gradlew clean bundleRelease -p .&apos; was 1 instead of 0.&#10;Starting a Gradle Daemon, 1 incompatible Daemon could not be reused, use --status for details&#10;&gt; Task :app:clean&#10;&gt; Task :lib_proto:clean&#10;&gt; Task :lib_provisioner:clean&#10;&gt; Task :app:preBuild UP-TO-DATE&#10;&gt; Task :app:preReleaseBuild UP-TO-DATE&#10;&gt; Task :app:generateReleaseFeatureMetadata&#10;&gt; Task :app:extractProguardFiles&#10;&gt; Task :lib_proto:preBuild UP-TO-DATE&#10;&gt; Task :lib_proto:preReleaseBuild UP-TO-DATE&#10;&gt; Task :lib_proto:compileReleaseAidl NO-SOURCE&#10;&gt; Task :lib_proto:compileReleaseRenderscript NO-SOURCE&#10;&gt; Task :lib_proto:generateReleaseBuildConfig&#10;&gt; Task :app:checkReleaseDuplicateClasses&#10;&gt; Task :lib_proto:generateReleaseProtos&#10;&gt; Task :lib_proto:generateReleaseResValues&#10;&gt; Task :lib_proto:generateReleaseResources&#10;&gt; Task :lib_proto:packageReleaseResources&#10;&gt; Task :lib_provisioner:preBuild UP-TO-DATE&#10;&gt; Task :lib_provisioner:preReleaseBuild UP-TO-DATE&#10;&gt; Task :lib_provisioner:compileReleaseAidl NO-SOURCE&#10;&gt; Task :lib_proto:packageReleaseRenderscript NO-SOURCE&#10;&gt; Task :lib_provisioner:compileReleaseRenderscript NO-SOURCE&#10;&gt; Task :lib_provisioner:generateReleaseBuildConfig&#10;&gt; Task :lib_proto:javaPreCompileRelease&#10;&gt; Task :lib_provisioner:generateReleaseResValues&#10;&gt; Task :lib_provisioner:generateReleaseResources&#10;&gt; Task :lib_proto:parseReleaseLocalResources&#10;&gt; Task :lib_provisioner:packageReleaseResources&#10;&gt; Task :lib_provisioner:parseReleaseLocalResources&#10;&gt; Task :lib_provisioner:javaPreCompileRelease&#10;&gt; Task :app:buildKotlinToolingMetadata&#10;&gt; Task :app:compileReleaseAidl NO-SOURCE&#10;&gt; Task :lib_provisioner:packageReleaseRenderscript NO-SOURCE&#10;&gt; Task :app:compileReleaseRenderscript NO-SOURCE&#10;&gt; Task :lib_provisioner:processReleaseManifest&#10;&gt; Task :lib_proto:processReleaseManifest&#10;&gt; Task :app:generateReleaseBuildConfig&#10;&gt; Task :app:generateReleaseResValues&#10;&gt; Task :lib_provisioner:writeReleaseAarMetadata&#10;&gt; Task :lib_proto:writeReleaseAarMetadata&#10;&gt; Task :lib_provisioner:generateReleaseRFile&#10;&gt; Task :lib_proto:generateReleaseRFile&#10;&gt; Task :app:mapReleaseSourceSetPaths&#10;&gt; Task :app:generateReleaseResources&#10;&gt; Task :app:checkReleaseAarMetadata&#10;&gt; Task :app:packageReleaseResources&#10;&gt; Task :app:createReleaseCompatibleScreenManifests&#10;&gt; Task :app:extractDeepLinksRelease&#10;&gt; Task :app:parseReleaseLocalResources&#10;&gt; Task :lib_proto:extractDeepLinksRelease&#10;&gt; Task :lib_provisioner:extractDeepLinksRelease&#10;&gt; Task :app:processReleaseMainManifest&#10;&gt; Task :app:processReleaseManifest&#10;&gt; Task :lib_proto:compileReleaseKotlin&#10;&gt; Task :app:javaPreCompileRelease&#10;&#10;&gt; Task :app:mergeReleaseResources&#10;/Users/nordic/.gradle/caches/transforms-3/d4629dfe28c2d06a689fa39724253f1c/transformed/material-1.6.1/res/values/values.xml:907:4: Multiple substitutions specified in non-positional format of string resource string/app_version. Did you mean to add the formatted=&quot;false&quot; attribute?&#10;/Users/nordic/StudioProjects/Android-nRF-Wi-Fi-Provisioner/app/src/main/res/values/strings.xml:156:4: Multiple substitutions specified in non-positional format of string resource string/band_and_channel. Did you mean to add the formatted=&quot;false&quot; attribute?&#10;&#10;&gt; Task :lib_proto:compileReleaseJavaWithJavac&#10;&gt; Task :lib_proto:mergeReleaseGeneratedProguardFiles UP-TO-DATE&#10;&gt; Task :lib_proto:exportReleaseConsumerProguardFiles&#10;&gt; Task :app:processReleaseJavaRes NO-SOURCE&#10;&gt; Task :lib_proto:processReleaseJavaRes NO-SOURCE&#10;&gt; Task :lib_proto:bundleLibCompileToJarRelease&#10;&gt; Task :lib_proto:bundleLibRuntimeToJarRelease&#10;&gt; Task :lib_proto:bundleLibResRelease&#10;&gt; Task :lib_provisioner:processReleaseJavaRes NO-SOURCE&#10;&gt; Task :app:processApplicationManifestReleaseForBundle&#10;&gt; Task :app:mergeReleaseShaders&#10;&gt; Task :app:compileReleaseShaders NO-SOURCE&#10;&gt; Task :app:generateReleaseAssets UP-TO-DATE&#10;&gt; Task :lib_proto:mergeReleaseShaders&#10;&gt; Task :lib_proto:compileReleaseShaders NO-SOURCE&#10;&gt; Task :lib_proto:generateReleaseAssets UP-TO-DATE&#10;&gt; Task :lib_proto:packageReleaseAssets&#10;&gt; Task :lib_provisioner:mergeReleaseShaders&#10;&gt; Task :lib_provisioner:compileReleaseShaders NO-SOURCE&#10;&gt; Task :lib_provisioner:generateReleaseAssets UP-TO-DATE&#10;&gt; Task :lib_provisioner:packageReleaseAssets&#10;&gt; Task :app:mergeReleaseAssets&#10;&gt; Task :app:mergeReleaseJniLibFolders&#10;&gt; Task :lib_proto:mergeReleaseJniLibFolders&#10;&gt; Task :lib_proto:mergeReleaseNativeLibs NO-SOURCE&#10;&gt; Task :lib_proto:copyReleaseJniLibsProjectOnly&#10;&gt; Task :lib_provisioner:mergeReleaseJniLibFolders&#10;&gt; Task :lib_provisioner:mergeReleaseNativeLibs NO-SOURCE&#10;&gt; Task :lib_provisioner:copyReleaseJniLibsProjectOnly&#10;&gt; Task :app:writeReleaseAppMetadata&#10;&gt; Task :app:mergeReleaseNativeLibs NO-SOURCE&#10;&gt; Task :app:stripReleaseDebugSymbols NO-SOURCE&#10;&gt; Task :lib_proto:prepareReleaseArtProfile UP-TO-DATE&#10;&gt; Task :lib_provisioner:prepareReleaseArtProfile UP-TO-DATE&#10;&gt; Task :app:bundleReleaseResources&#10;&gt; Task :app:collectReleaseDependencies&#10;&gt; Task :app:configureReleaseDependencies&#10;&gt; Task :app:extractReleaseNativeSymbolTables NO-SOURCE&#10;&gt; Task :app:parseReleaseIntegrityConfig UP-TO-DATE&#10;&gt; Task :app:processReleaseManifestForPackage&#10;&gt; Task :app:mergeReleaseArtProfile&#10;&#10;&gt; Task :lib_provisioner:compileReleaseKotlin&#10;w: /Users/nordic/StudioProjects/Android-nRF-Wi-Fi-Provisioner/lib_provisioner/src/main/java/no/nordicsemi/wifi/provisioner/library/internal/ProvisionerBleManager.kt: (139, 32): Variable &apos;writeRequest&apos; initializer is redundant&#10;w: /Users/nordic/StudioProjects/Android-nRF-Wi-Fi-Provisioner/lib_provisioner/src/main/java/no/nordicsemi/wifi/provisioner/library/internal/ProvisionerBleManager.kt: (140, 17): Variable &apos;writeCommand&apos; is assigned but never accessed&#10;w: /Users/nordic/StudioProjects/Android-nRF-Wi-Fi-Provisioner/lib_provisioner/src/main/java/no/nordicsemi/wifi/provisioner/library/internal/ProvisionerBleManager.kt: (201, 14): This declaration needs opt-in. Its usage should be marked with &apos;@kotlinx.coroutines.ExperimentalCoroutinesApi&apos; or &apos;@OptIn(kotlinx.coroutines.ExperimentalCoroutinesApi::class)&apos;&#10;w: /Users/nordic/StudioProjects/Android-nRF-Wi-Fi-Provisioner/lib_provisioner/src/main/java/no/nordicsemi/wifi/provisioner/library/internal/ProvisionerBleManager.kt: (251, 14): This declaration needs opt-in. Its usage should be marked with &apos;@kotlinx.coroutines.ExperimentalCoroutinesApi&apos; or &apos;@OptIn(kotlinx.coroutines.ExperimentalCoroutinesApi::class)&apos;&#10;&#10;&gt; Task :lib_provisioner:compileReleaseJavaWithJavac&#10;&gt; Task :lib_provisioner:mergeReleaseGeneratedProguardFiles UP-TO-DATE&#10;&gt; Task :lib_provisioner:exportReleaseConsumerProguardFiles&#10;&gt; Task :lib_provisioner:bundleLibResRelease&#10;&gt; Task :lib_provisioner:bundleLibCompileToJarRelease&#10;&gt; Task :lib_provisioner:bundleLibRuntimeToJarRelease&#10;&gt; Task :app:processReleaseResources&#10;&gt; Task :app:kaptGenerateStubsReleaseKotlin&#10;&gt; Task :app:kaptReleaseKotlin&#10;&#10;&gt; Task :app:compileReleaseKotlin&#10;w: /Users/nordic/StudioProjects/Android-nRF-Wi-Fi-Provisioner/app/src/main/java/no/nordicsemi/android/wifi/provisioning/home/view/components/LoadingItem.kt: (22, 17): Parameter &apos;modifier&apos; is never used&#10;w: /Users/nordic/StudioProjects/Android-nRF-Wi-Fi-Provisioner/app/src/main/java/no/nordicsemi/android/wifi/provisioning/home/view/sections/ActionButtonSection.kt: (104, 26): Parameter &apos;imageVector&apos; is never used&#10;w: /Users/nordic/StudioProjects/Android-nRF-Wi-Fi-Provisioner/app/src/main/java/no/nordicsemi/android/wifi/provisioning/scanner/view/ProvisionerScannerAppBar.kt: (33, 5): &apos;SmallTopAppBar(() -&gt; Unit, Modifier = ..., () -&gt; Unit = ..., RowScope.() -&gt; Unit = ..., WindowInsets = ..., TopAppBarColors = ..., TopAppBarScrollBehavior? = ...): Unit&apos; is deprecated. Use TopAppBar instead.&#10;w: /Users/nordic/StudioProjects/Android-nRF-Wi-Fi-Provisioner/app/src/main/java/no/nordicsemi/android/wifi/provisioning/wifi/viewmodel/WifiAggregator.kt: (24, 30): Parameter &apos;records&apos; is never used&#10;&#10;&gt; Task :app:compileReleaseJavaWithJavac&#10;&gt; Task :app:hiltAggregateDepsRelease&#10;&gt; Task :app:hiltJavaCompileRelease&#10;&gt; Task :app:mergeReleaseGeneratedProguardFiles UP-TO-DATE&#10;&gt; Task :app:transformReleaseClassesWithAsm&#10;&gt; Task :app:mergeReleaseJavaResource&#10;&gt; Task :app:minifyReleaseWithR8&#10;&gt; Task :app:buildReleasePreBundle&#10;&gt; Task :app:compileReleaseArtProfile&#10;&gt; Task :app:packageReleaseBundle&#10;&gt; Task :app:shrinkBundleReleaseResources&#10;&gt; Task :app:signReleaseBundle FAILED&#10;&#10;FAILURE: Build failed with an exception.&#10;&#10;* What went wrong:&#10;Execution failed for task &apos;:app:signReleaseBundle&apos;.&#10;&gt; A failure occurred while executing com.android.build.gradle.internal.tasks.FinalizeBundleTask$BundleToolRunnable&#10;   &gt; java.lang.NullPointerException (no error message)&#10;&#10;* Try:&#10;&gt; Run with --stacktrace option to get the stack trace.&#10;&gt; Run with --info or --debug option to get more log output.&#10;&gt; Run with --scan to get full insights.&#10;&#10;* Get more help at https://help.gradle.org&#10;&#10;BUILD FAILED in 52s&#10;89 actionable tasks: 83 executed, 6 up-to-date&#10;" />
        
      </testcase>
    
  </testsuite>
</testsuites>
